  Source.cpp
  Source2.cpp
  SumProject.c
C:\Users\Pasha\source\repos\SumProject\SumProject\SumProject.c(31,57): warning C4047: =: "int **" отличается по уровням косвенного обращения от "int *"
C:\Users\Pasha\source\repos\SumProject\SumProject\SumProject.c(34,26): warning C4047: =: "int *" отличается по уровням косвенного обращения от "int"
C:\Users\Pasha\source\repos\SumProject\SumProject\SumProject.c(40,20): warning C4477: "printf": в строке форматирования "%d" требуется аргумент типа "int", но вариативный аргумент "1" имеет тип "int *"
C:\Users\Pasha\source\repos\SumProject\SumProject\SumProject.c(45,19): warning C4013: time: нет определения; предполагается "extern" с возвратом типа "int"
C:\Users\Pasha\source\repos\SumProject\SumProject\SumProject.c(49,53): warning C4047: =: "int **" отличается по уровням косвенного обращения от "int *"
C:\Users\Pasha\source\repos\SumProject\SumProject\SumProject.c(53,32): warning C4047: =: "int *" отличается по уровням косвенного обращения от "int"
C:\Users\Pasha\source\repos\SumProject\SumProject\SumProject.c(54,20): warning C4477: "printf": в строке форматирования "%d" требуется аргумент типа "int", но вариативный аргумент "1" имеет тип "int *"
C:\Users\Pasha\source\repos\SumProject\SumProject\SumProject.c(63,13): warning C4047: return: "int" отличается по уровням косвенного обращения от "int *"
C:\Users\Pasha\source\repos\SumProject\SumProject\SumProject.c(61,1): warning C4047: инициализация: "int *" отличается по уровням косвенного обращения от "int **"
C:\Users\Pasha\source\repos\SumProject\SumProject\SumProject.c(103,29): warning C4047: =: "void *" отличается по уровням косвенного обращения от "int"
C:\Users\Pasha\source\repos\SumProject\SumProject\SumProject.c(132,29): warning C4047: =: "void *" отличается по уровням косвенного обращения от "int"
C:\Users\Pasha\source\repos\SumProject\SumProject\SumProject.c(154,21): warning C4018: <: несоответствие типов со знаком и без знака
C:\Users\Pasha\source\repos\SumProject\SumProject\SumProject.c(155,16): warning C4477: "printf": в строке форматирования "%i" требуется аргумент типа "int", но вариативный аргумент "1" имеет тип "void *"
C:\Users\Pasha\source\repos\SumProject\SumProject\SumProject.c(161,15): warning C4047: return: "int" отличается по уровням косвенного обращения от "Node *"
C:\Users\Pasha\source\repos\SumProject\SumProject\SumProject.c(193,42): warning C4047: функция: "int **" отличается по уровням косвенного обращения от "int *"
C:\Users\Pasha\source\repos\SumProject\SumProject\SumProject.c(193,42): warning C4024: DEA: различные типы для формального и фактического параметров 4
C:\Users\Pasha\source\repos\SumProject\SumProject\SumProject.c(193,53): warning C4047: =: "int *" отличается по уровням косвенного обращения от "int"
C:\Users\Pasha\source\repos\SumProject\SumProject\SumProject.c(349,41): warning C4047: =: "void *" отличается по уровням косвенного обращения от "int"
C:\Users\Pasha\source\repos\SumProject\SumProject\SumProject.c(369,37): warning C4018: <: несоответствие типов со знаком и без знака
C:\Users\Pasha\source\repos\SumProject\SumProject\SumProject.c(370,32): warning C4477: "printf": в строке форматирования "%i" требуется аргумент типа "int", но вариативный аргумент "1" имеет тип "void *"
C:\Users\Pasha\source\repos\SumProject\SumProject\SumProject.c(390,41): warning C4047: =: "void *" отличается по уровням косвенного обращения от "int"
C:\Users\Pasha\source\repos\SumProject\SumProject\SumProject.c(410,37): warning C4018: <: несоответствие типов со знаком и без знака
C:\Users\Pasha\source\repos\SumProject\SumProject\SumProject.c(411,32): warning C4477: "printf": в строке форматирования "%i" требуется аргумент типа "int", но вариативный аргумент "1" имеет тип "void *"
C:\Users\Pasha\source\repos\SumProject\SumProject\SumProject.c(422,46): warning C4018: <: несоответствие типов со знаком и без знака
C:\Users\Pasha\source\repos\SumProject\SumProject\SumProject.c(429,46): warning C4018: <: несоответствие типов со знаком и без знака
C:\Users\Pasha\source\repos\SumProject\SumProject\SumProject.c(433,32): warning C4477: "printf": в строке форматирования "%i" требуется аргумент типа "int", но вариативный аргумент "1" имеет тип "void *"
C:\Users\Pasha\source\repos\SumProject\SumProject\SumProject.c(433,32): warning C4477: "printf": в строке форматирования "%i" требуется аргумент типа "int", но вариативный аргумент "2" имеет тип "void *"
C:\Users\Pasha\source\repos\SumProject\SumProject\SumProject.c(453,41): warning C4047: =: "void *" отличается по уровням косвенного обращения от "int"
C:\Users\Pasha\source\repos\SumProject\SumProject\SumProject.c(475,41): warning C4018: <: несоответствие типов со знаком и без знака
C:\Users\Pasha\source\repos\SumProject\SumProject\SumProject.c(476,36): warning C4477: "printf": в строке форматирования "%i" требуется аргумент типа "int", но вариативный аргумент "1" имеет тип "void *"
C:\Users\Pasha\source\repos\SumProject\SumProject\SumProject.c(493,41): warning C4047: =: "void *" отличается по уровням косвенного обращения от "int"
C:\Users\Pasha\source\repos\SumProject\SumProject\SumProject.c(513,37): warning C4018: <: несоответствие типов со знаком и без знака
C:\Users\Pasha\source\repos\SumProject\SumProject\SumProject.c(514,32): warning C4477: "printf": в строке форматирования "%i" требуется аргумент типа "int", но вариативный аргумент "1" имеет тип "void *"
C:\Users\Pasha\source\repos\SumProject\SumProject\SumProject.c(574,37): warning C4018: <: несоответствие типов со знаком и без знака
C:\Users\Pasha\source\repos\SumProject\SumProject\SumProject.c(575,32): warning C4477: "printf": в строке форматирования "%i" требуется аргумент типа "int", но вариативный аргумент "2" имеет тип "void *"
C:\Users\Pasha\source\repos\SumProject\SumProject\SumProject.c(584,66): warning C4018: <: несоответствие типов со знаком и без знака
C:\Users\Pasha\source\repos\SumProject\SumProject\SumProject.c(591,42): warning C4018: <: несоответствие типов со знаком и без знака
C:\Users\Pasha\source\repos\SumProject\SumProject\SumProject.c(629,42): warning C4018: <: несоответствие типов со знаком и без знака
C:\Users\Pasha\source\repos\SumProject\SumProject\SumProject.c(630,36): warning C4477: "printf": в строке форматирования "%i" требуется аргумент типа "int", но вариативный аргумент "1" имеет тип "void *"
C:\Users\Pasha\source\repos\SumProject\SumProject\SumProject.c(682,42): warning C4018: <: несоответствие типов со знаком и без знака
C:\Users\Pasha\source\repos\SumProject\SumProject\SumProject.c(687,45): warning C4018: <: несоответствие типов со знаком и без знака
C:\Users\Pasha\source\repos\SumProject\SumProject\SumProject.c(692,36): warning C4477: "printf": в строке форматирования "%i" требуется аргумент типа "int", но вариативный аргумент "1" имеет тип "void *"
C:\Users\Pasha\source\repos\SumProject\SumProject\SumProject.c(695,43): warning C4018: >=: несоответствие типов со знаком и без знака
C:\Users\Pasha\source\repos\SumProject\SumProject\SumProject.c(695,75): warning C4018: <=: несоответствие типов со знаком и без знака
C:\Users\Pasha\source\repos\SumProject\SumProject\SumProject.c(700,45): warning C4018: >: несоответствие типов со знаком и без знака
C:\Users\Pasha\source\repos\SumProject\SumProject\SumProject.c(705,36): warning C4477: "printf": в строке форматирования "%i" требуется аргумент типа "int", но вариативный аргумент "1" имеет тип "void *"
C:\Users\Pasha\source\repos\SumProject\SumProject\SumProject.c(766,36): warning C4477: "printf": в строке форматирования "%i" требуется аргумент типа "int", но вариативный аргумент "1" имеет тип "void *"
C:\Users\Pasha\source\repos\SumProject\SumProject\SumProject.c(779,36): warning C4477: "printf": в строке форматирования "%i" требуется аргумент типа "int", но вариативный аргумент "1" имеет тип "void *"
C:\Users\Pasha\source\repos\SumProject\SumProject\SumProject.c(840,37): warning C4018: >=: несоответствие типов со знаком и без знака
C:\Users\Pasha\source\repos\SumProject\SumProject\SumProject.c(844,40): warning C4018: >=: несоответствие типов со знаком и без знака
C:\Users\Pasha\source\repos\SumProject\SumProject\SumProject.c(853,37): warning C4018: <: несоответствие типов со знаком и без знака
C:\Users\Pasha\source\repos\SumProject\SumProject\SumProject.c(856,48): warning C4018: <: несоответствие типов со знаком и без знака
C:\Users\Pasha\source\repos\SumProject\SumProject\SumProject.c(864,48): warning C4018: <: несоответствие типов со знаком и без знака
C:\Users\Pasha\source\repos\SumProject\SumProject\SumProject.c(872,40): warning C4018: <: несоответствие типов со знаком и без знака
C:\Users\Pasha\source\repos\SumProject\SumProject\SumProject.c(875,48): warning C4018: <: несоответствие типов со знаком и без знака
C:\Users\Pasha\source\repos\SumProject\SumProject\SumProject.c(883,48): warning C4018: <: несоответствие типов со знаком и без знака
C:\Users\Pasha\source\repos\SumProject\SumProject\SumProject.c(891,43): warning C4047: =: "void *" отличается по уровням косвенного обращения от "int"
C:\Users\Pasha\source\repos\SumProject\SumProject\SumProject.c(898,41): warning C4018: <: несоответствие типов со знаком и без знака
C:\Users\Pasha\source\repos\SumProject\SumProject\SumProject.c(899,36): warning C4477: "printf": в строке форматирования "%i" требуется аргумент типа "int", но вариативный аргумент "1" имеет тип "void *"
C:\Users\Pasha\source\repos\SumProject\SumProject\SumProject.c(947,37): warning C4018: >=: несоответствие типов со знаком и без знака
C:\Users\Pasha\source\repos\SumProject\SumProject\SumProject.c(958,45): warning C4018: <: несоответствие типов со знаком и без знака
C:\Users\Pasha\source\repos\SumProject\SumProject\SumProject.c(963,51): warning C4047: =: "void *" отличается по уровням косвенного обращения от "int"
C:\Users\Pasha\source\repos\SumProject\SumProject\SumProject.c(970,41): warning C4018: <: несоответствие типов со знаком и без знака
C:\Users\Pasha\source\repos\SumProject\SumProject\SumProject.c(971,36): warning C4477: "printf": в строке форматирования "%i" требуется аргумент типа "int", но вариативный аргумент "1" имеет тип "void *"
C:\Users\Pasha\source\repos\SumProject\SumProject\SumProject.c(889,1): warning C4047: инициализация: "int" отличается по уровням косвенного обращения от "void *"
C:\Users\Pasha\source\repos\SumProject\SumProject\SumProject.c(184,85): warning C4101: hd: неиспользованная локальная переменная
  Создание кода
  Previous IPDB not found, fall back to full compilation.
C:\Users\Pasha\source\repos\SumProject\SumProject\SumProject.c(16): warning C4716: PE: должна возвращать значение
  All 11 functions were compiled because no usable IPDB/IOBJ from previous compilation was found.
  Создание кода завершено
  SumProject.vcxproj -> C:\Users\Pasha\source\repos\SumProject\Release\SumProject.exe
